<?xml version="1.0" encoding="UTF-8"?>
<testng-results ignored="0" total="1" passed="1" failed="0" skipped="0">
  <reporter-output>
  </reporter-output>
  <suite started-at="2023-03-22T19:13:33 EDT" name="Suite" finished-at="2023-03-22T19:13:37 EDT" duration-ms="3701">
    <groups>
    </groups>
    <test started-at="2023-03-22T19:13:33 EDT" name="Test" finished-at="2023-03-22T19:13:37 EDT" duration-ms="3701">
      <class name="newtestngproject.Newprojetc">
        <test-method signature="test1()[pri:0, instance:newtestngproject.Newprojetc@71ba6d4e]" started-at="2023-03-22T19:13:33 EDT" name="test1" finished-at="2023-03-22T19:13:37 EDT" duration-ms="3665" status="PASS">
          <reporter-output>
          </reporter-output>
        </test-method> <!-- test1 -->
      </class> <!-- newtestngproject.Newprojetc -->
    </test> <!-- Test -->
  </suite> <!-- Suite -->
</testng-results>
