<?xml version="1.0" encoding="UTF-8"?>
<testng-results ignored="0" total="1" passed="1" failed="0" skipped="0">
  <reporter-output>
  </reporter-output>
  <suite started-at="2023-03-22T20:58:22 EDT" name="Default suite" finished-at="2023-03-22T20:58:27 EDT" duration-ms="5240">
    <groups>
    </groups>
    <test started-at="2023-03-22T20:58:22 EDT" name="Default test" finished-at="2023-03-22T20:58:27 EDT" duration-ms="5240">
      <class name="newtestngproject.Newprojetc">
        <test-method signature="test1()[pri:0, instance:newtestngproject.Newprojetc@71ba6d4e]" started-at="2023-03-22T20:58:22 EDT" name="test1" finished-at="2023-03-22T20:58:27 EDT" duration-ms="5205" status="PASS">
          <reporter-output>
          </reporter-output>
        </test-method> <!-- test1 -->
      </class> <!-- newtestngproject.Newprojetc -->
    </test> <!-- Default test -->
  </suite> <!-- Default suite -->
</testng-results>
